<?xml version="1.0" encoding="utf-8"?><testsuites name="pytest tests"><testsuite name="pytest" errors="0" failures="0" skipped="1" tests="14" time="3.235" timestamp="2026-04-20T00:30:05.953388+00:00" hostname="agent-env-bf6f9fd4-f4b0-4a72-81b3-2cda4ab056aa"><testcase classname="backend.tests.test_admin_orchestrator_p0.TestOrchestrator" name="test_returns_real_shape" time="0.319" /><testcase classname="backend.tests.test_admin_orchestrator_p0.TestOrchestrator" name="test_worker_tasks_linked_to_real_counts" time="0.139" /><testcase classname="backend.tests.test_admin_orchestrator_p0.TestOrchestrator" name="test_requires_admin" time="0.303" /><testcase classname="backend.tests.test_admin_orchestrator_p0.TestSystemLogs" name="test_shape" time="0.182" /><testcase classname="backend.tests.test_admin_orchestrator_p0.TestSystemLogs" name="test_message_prefix_when_user_present" time="0.457" /><testcase classname="backend.tests.test_admin_orchestrator_p0.TestSystemLogs" name="test_requires_admin" time="0.117" /><testcase classname="backend.tests.test_admin_orchestrator_p0.TestZitadelMyOrg" name="test_structure" time="0.312" /><testcase classname="backend.tests.test_admin_orchestrator_p0.TestZitadelMyOrg" name="test_user_can_read" time="0.352" /><testcase classname="backend.tests.test_admin_orchestrator_p0.TestOrderRetry" name="test_404_on_missing" time="0.110" /><testcase classname="backend.tests.test_admin_orchestrator_p0.TestOrderRetry" name="test_requires_admin" time="0.110" /><testcase classname="backend.tests.test_admin_orchestrator_p0.TestOrderRetry" name="test_retry_increments_count" time="0.405" /><testcase classname="backend.tests.test_admin_orchestrator_p0.TestWorkspaceSuspend" name="test_404_on_missing" time="0.136" /><testcase classname="backend.tests.test_admin_orchestrator_p0.TestWorkspaceSuspend" name="test_requires_admin" time="0.131" /><testcase classname="backend.tests.test_admin_orchestrator_p0.TestWorkspaceSuspend" name="test_suspend_changes_status" time="0.098"><skipped type="pytest.skip" message="cannot list workspaces: 404">/app/backend/tests/test_admin_orchestrator_p0.py:207: cannot list workspaces: 404</skipped></testcase></testsuite></testsuites>