<?xml version="1.0" encoding="utf-8"?><testsuites name="pytest tests"><testsuite name="pytest" errors="0" failures="0" skipped="0" tests="12" time="1.165" timestamp="2026-04-07T11:05:53.024609+00:00" hostname="agent-env-bf6f9fd4-f4b0-4a72-81b3-2cda4ab056aa"><testcase classname="backend.tests.test_admin_global.TestAdminGlobalStats" name="test_global_stats_returns_kpis" time="0.207" /><testcase classname="backend.tests.test_admin_global.TestAdminGlobalStats" name="test_global_stats_forbidden_for_non_admin" time="0.090" /><testcase classname="backend.tests.test_admin_global.TestAdminTenants" name="test_tenants_list_returns_5_tenants" time="0.046" /><testcase classname="backend.tests.test_admin_global.TestAdminTenants" name="test_tenants_forbidden_for_non_admin" time="0.042" /><testcase classname="backend.tests.test_admin_global.TestTenantLockdownActivate" name="test_lockdown_tenant" time="0.131" /><testcase classname="backend.tests.test_admin_global.TestTenantLockdownActivate" name="test_activate_tenant" time="0.128" /><testcase classname="backend.tests.test_admin_global.TestTenantLockdownActivate" name="test_lockdown_forbidden_for_non_admin" time="0.045" /><testcase classname="backend.tests.test_admin_global.TestTenantLockdownActivate" name="test_activate_forbidden_for_non_admin" time="0.048" /><testcase classname="backend.tests.test_admin_global.TestAdminOrchestrator" name="test_orchestrator_returns_workers_and_queue" time="0.044" /><testcase classname="backend.tests.test_admin_global.TestAdminOrchestrator" name="test_orchestrator_forbidden_for_non_admin" time="0.045" /><testcase classname="backend.tests.test_admin_global.TestAdminSystemLogs" name="test_system_logs_returns_entries" time="0.046" /><testcase classname="backend.tests.test_admin_global.TestAdminSystemLogs" name="test_system_logs_forbidden_for_non_admin" time="0.041" /></testsuite></testsuites>