<?xml version="1.0" encoding="utf-8"?><testsuites name="pytest tests"><testsuite name="pytest" errors="0" failures="0" skipped="0" tests="6" time="1.557" timestamp="2026-07-18T11:22:01.609491+00:00" hostname="agent-env-bf6f9fd4-f4b0-4a72-81b3-2cda4ab056aa"><testcase classname="backend.tests.test_connect_url_passthrough" name="test_connect_url_guacamole" time="0.487" /><testcase classname="backend.tests.test_connect_url_passthrough" name="test_connect_url_fresh_token" time="0.396" /><testcase classname="backend.tests.test_connect_url_passthrough" name="test_connect_url_netbird_fallback" time="0.105" /><testcase classname="backend.tests.test_connect_url_passthrough" name="test_connect_url_404" time="0.097" /><testcase classname="backend.tests.test_connect_url_passthrough" name="test_connect_url_403_other_owner" time="0.197" /><testcase classname="backend.tests.test_connect_url_passthrough" name="test_connect_url_admin_can_access_other_owner" time="0.204" /></testsuite></testsuites>