<?xml version="1.0" encoding="utf-8"?><testsuites name="pytest tests"><testsuite name="pytest" errors="0" failures="0" skipped="0" tests="3" time="1.047" timestamp="2026-05-07T01:16:06.905257+00:00" hostname="agent-env-bf6f9fd4-f4b0-4a72-81b3-2cda4ab056aa"><testcase classname="backend.tests.test_fresh_tenant_mode.TestFreshTenantModeWorkspaces" name="test_workspaces_empty_or_real_only" time="0.313" /><testcase classname="backend.tests.test_fresh_tenant_mode.TestFreshTenantModeWorkspaces" name="test_create_workspace_returns_single_entry" time="0.547" /><testcase classname="backend.tests.test_fresh_tenant_mode.TestFreshTenantModeApplications" name="test_applications_no_seed_pollution" time="0.128" /></testsuite></testsuites>