<?xml version="1.0" encoding="utf-8"?><testsuites name="pytest tests"><testsuite name="pytest" errors="0" failures="0" skipped="0" tests="11" time="3.676" timestamp="2026-05-16T02:37:10.407480+00:00" hostname="agent-env-bf6f9fd4-f4b0-4a72-81b3-2cda4ab056aa"><testcase classname="backend.tests.test_multitenant_lxd.TestLXD" name="test_lxd_status_trusted" time="0.518" /><testcase classname="backend.tests.test_multitenant_lxd.TestLXD" name="test_lxd_instances_default_project" time="0.304" /><testcase classname="backend.tests.test_multitenant_lxd.TestTenantsCore" name="test_get_my_tenant_with_counters" time="0.185" /><testcase classname="backend.tests.test_multitenant_lxd.TestTenantsCore" name="test_list_all_tenants" time="0.186" /><testcase classname="backend.tests.test_multitenant_lxd.TestTenantsCore" name="test_create_tenant_and_dup" time="0.342" /><testcase classname="backend.tests.test_multitenant_lxd.TestTenantsCore" name="test_update_tenant" time="0.539" /><testcase classname="backend.tests.test_multitenant_lxd.TestTenantsCore" name="test_lockdown_tenant" time="0.360" /><testcase classname="backend.tests.test_multitenant_lxd.TestTenantIsolation" name="test_workspaces_scoped_to_tenant" time="0.179" /><testcase classname="backend.tests.test_multitenant_lxd.TestTenantScopedAdmin" name="test_system_logs_filtered" time="0.185" /><testcase classname="backend.tests.test_multitenant_lxd.TestTenantScopedAdmin" name="test_orchestrator_counters" time="0.176" /><testcase classname="backend.tests.test_multitenant_lxd.TestInviteTenantInherit" name="test_invite_user_inherits_tenant" time="0.608" /></testsuite></testsuites>