<?xml version="1.0" encoding="utf-8"?><testsuites name="pytest tests"><testsuite name="pytest" errors="0" failures="0" skipped="0" tests="15" time="5.501" timestamp="2026-04-12T21:21:18.517374+00:00" hostname="agent-env-bf6f9fd4-f4b0-4a72-81b3-2cda4ab056aa"><testcase classname="tests.test_neoconnect_guacamole.TestNeoConnectGuacamole" name="test_01_enroll_tenant_creates_tenant" time="0.239" /><testcase classname="tests.test_neoconnect_guacamole.TestNeoConnectGuacamole" name="test_02_zitadel_org_provisioning" time="0.924" /><testcase classname="tests.test_neoconnect_guacamole.TestNeoConnectGuacamole" name="test_03_netbird_group_creation" time="0.311" /><testcase classname="tests.test_neoconnect_guacamole.TestNeoConnectGuacamole" name="test_04_netbird_setup_key_creation" time="0.235" /><testcase classname="tests.test_neoconnect_guacamole.TestNeoConnectGuacamole" name="test_05_netbird_policy_creation" time="0.234" /><testcase classname="tests.test_neoconnect_guacamole.TestNeoConnectGuacamole" name="test_06_neoconnect_info" time="0.181" /><testcase classname="tests.test_neoconnect_guacamole.TestNeoConnectGuacamole" name="test_07_deploy_relay_container" time="0.442" /><testcase classname="tests.test_neoconnect_guacamole.TestNeoConnectGuacamole" name="test_08_auto_provision_tenant" time="1.372" /><testcase classname="tests.test_neoconnect_guacamole.TestNeoConnectGuacamole" name="test_09_guacamole_status" time="0.151" /><testcase classname="tests.test_neoconnect_guacamole.TestNeoConnectGuacamole" name="test_10_guacamole_connections_list" time="0.144" /><testcase classname="tests.test_neoconnect_guacamole.TestNeoConnectGuacamole" name="test_11_guacamole_create_connection" time="0.159" /><testcase classname="tests.test_neoconnect_guacamole.TestNeoConnectGuacamole" name="test_12_guacamole_deploy" time="0.539" /><testcase classname="tests.test_neoconnect_guacamole.TestNeoConnectGuacamole" name="test_13_enrollment_status" time="0.175" /><testcase classname="tests.test_neoconnect_guacamole.TestAPIHealth" name="test_api_root" time="0.126" /><testcase classname="tests.test_neoconnect_guacamole.TestAPIHealth" name="test_auth_login" time="0.123" /></testsuite></testsuites>