<?xml version="1.0" encoding="utf-8"?><testsuites name="pytest tests"><testsuite name="pytest" errors="0" failures="0" skipped="0" tests="6" time="100.282" timestamp="2026-06-17T22:29:10.453130+00:00" hostname="agent-env-bf6f9fd4-f4b0-4a72-81b3-2cda4ab056aa"><testcase classname="backend.tests.test_neocloud_wizard_iter17.TestInstantiateAutoName" name="test_instantiate_no_vmname_returns_neosc_pattern" time="0.299" /><testcase classname="backend.tests.test_neocloud_wizard_iter17.TestInstantiateAutoName" name="test_instantiate_no_vmname_uniqueness" time="0.265" /><testcase classname="backend.tests.test_neocloud_wizard_iter17.TestProvisionPipelineFullActive" name="test_order_has_netbird_ip" time="99.381" /><testcase classname="backend.tests.test_neocloud_wizard_iter17.TestProvisionPipelineFullActive" name="test_order_has_html5_access_url" time="0.000" /><testcase classname="backend.tests.test_neocloud_wizard_iter17.TestProvisionPipelineFullActive" name="test_order_has_workspace_id" time="0.000" /><testcase classname="backend.tests.test_neocloud_wizard_iter17.TestProvisionPipelineFullActive" name="test_my_vms_contains_marketplace_entry" time="0.154" /></testsuite></testsuites>