<?xml version="1.0" encoding="utf-8"?><testsuites name="pytest tests"><testsuite name="pytest" errors="0" failures="0" skipped="0" tests="9" time="12.609" timestamp="2026-04-20T01:52:41.507617+00:00" hostname="agent-env-bf6f9fd4-f4b0-4a72-81b3-2cda4ab056aa"><testcase classname="backend.tests.test_neoguard_rebrand_p13.TestWorkspaceGuacLink" name="test_put_persists_guacamole_connection_id" time="0.484" /><testcase classname="backend.tests.test_neoguard_rebrand_p13.TestWorkspaceGuacLink" name="test_launch_uses_guac_client_url" time="0.292" /><testcase classname="backend.tests.test_neoguard_rebrand_p13.TestWorkspaceGuacLink" name="test_launch_autologon_uses_guac_when_tsplus_absent" time="10.199" /><testcase classname="backend.tests.test_neoguard_rebrand_p13.TestNeoGuardInvites" name="test_invite_users_mock_fallback" time="0.051" /><testcase classname="backend.tests.test_neoguard_rebrand_p13.TestNeoGuardInvites" name="test_invite_users_neoguard_real" time="0.305" /><testcase classname="backend.tests.test_neoguard_rebrand_p13.TestNeoGuardInvites" name="test_invite_resend_404_for_unknown" time="0.050" /><testcase classname="backend.tests.test_neoguard_rebrand_p13.TestNeoGuardInvites" name="test_invite_resend_ok_for_existing" time="0.098" /><testcase classname="backend.tests.test_neoguard_rebrand_p13.TestNeoGuardInvites" name="test_invite_resend_admin_only" time="0.142" /><testcase classname="backend.tests.test_neoguard_rebrand_p13.TestWelcomeDataSources" name="test_zitadel_my_org_shape" time="0.917" /></testsuite></testsuites>