<?xml version="1.0" encoding="utf-8"?><testsuites name="pytest tests"><testsuite name="pytest" errors="0" failures="0" skipped="0" tests="8" time="18.662" timestamp="2026-06-17T12:22:12.587709+00:00" hostname="agent-env-bf6f9fd4-f4b0-4a72-81b3-2cda4ab056aa"><testcase classname="backend.tests.test_opencloud_marketplace.TestMarketTemplates" name="test_templates_returns_3_with_correct_ids" time="0.345" /><testcase classname="backend.tests.test_opencloud_marketplace.TestMarketTemplates" name="test_templates_have_required_fields" time="0.293" /><testcase classname="backend.tests.test_opencloud_marketplace.TestInstantiate" name="test_unauthenticated_rejected" time="0.104" /><testcase classname="backend.tests.test_opencloud_marketplace.TestInstantiate" name="test_404_for_unknown_template" time="0.212" /><testcase classname="backend.tests.test_opencloud_marketplace.TestInstantiate" name="test_instantiate_gold_returns_order" time="0.108" /><testcase classname="backend.tests.test_opencloud_marketplace.TestInstantiate" name="test_pipeline_reaches_active_with_netbird_and_tunnel" time="17.068" /><testcase classname="backend.tests.test_opencloud_marketplace.TestInstantiate" name="test_all_12_provision_steps_success" time="0.106" /><testcase classname="backend.tests.test_opencloud_marketplace.TestNetBirdCloud" name="test_setup_key_creation_directly" time="0.237" /></testsuite></testsuites>