<?xml version="1.0" encoding="utf-8"?><testsuites name="pytest tests"><testsuite name="pytest" errors="0" failures="0" skipped="0" tests="20" time="4.473" timestamp="2026-04-05T16:20:18.585718+00:00" hostname="agent-env-bf6f9fd4-f4b0-4a72-81b3-2cda4ab056aa"><testcase classname="backend.tests.test_windesk_api.TestHealthAndRoot" name="test_api_root" time="0.643" /><testcase classname="backend.tests.test_windesk_api.TestAuthentication" name="test_login_admin_success" time="0.105" /><testcase classname="backend.tests.test_windesk_api.TestAuthentication" name="test_login_demo_user_success" time="0.097" /><testcase classname="backend.tests.test_windesk_api.TestAuthentication" name="test_login_invalid_credentials" time="0.113" /><testcase classname="backend.tests.test_windesk_api.TestAuthentication" name="test_auth_me_without_token" time="0.103" /><testcase classname="backend.tests.test_windesk_api.TestAuthenticatedEndpoints" name="test_auth_me_with_token" time="0.207" /><testcase classname="backend.tests.test_windesk_api.TestAuthenticatedEndpoints" name="test_get_stats" time="0.220" /><testcase classname="backend.tests.test_windesk_api.TestAuthenticatedEndpoints" name="test_get_workspaces" time="0.212" /><testcase classname="backend.tests.test_windesk_api.TestAuthenticatedEndpoints" name="test_get_applications" time="0.238" /><testcase classname="backend.tests.test_windesk_api.TestAuthenticatedEndpoints" name="test_get_sessions" time="0.216" /><testcase classname="backend.tests.test_windesk_api.TestAuthenticatedEndpoints" name="test_get_active_sessions" time="0.206" /><testcase classname="backend.tests.test_windesk_api.TestAuthenticatedEndpoints" name="test_get_audit_logs" time="0.220" /><testcase classname="backend.tests.test_windesk_api.TestAuthenticatedEndpoints" name="test_get_organizations" time="0.211" /><testcase classname="backend.tests.test_windesk_api.TestAuthenticatedEndpoints" name="test_get_policies" time="0.199" /><testcase classname="backend.tests.test_windesk_api.TestMarketEndpoints" name="test_get_market_addons" time="0.217" /><testcase classname="backend.tests.test_windesk_api.TestMarketEndpoints" name="test_calculate_market_price" time="0.208" /><testcase classname="backend.tests.test_windesk_api.TestMarketEndpoints" name="test_calculate_price_with_addons" time="0.220" /><testcase classname="backend.tests.test_windesk_api.TestMarketEndpoints" name="test_get_my_vms" time="0.227" /><testcase classname="backend.tests.test_windesk_api.TestMarketEndpoints" name="test_get_market_orders" time="0.207" /><testcase classname="backend.tests.test_windesk_api.TestLogout" name="test_logout" time="0.304" /></testsuite></testsuites>