<?xml version="1.0" encoding="utf-8"?><testsuites name="pytest tests"><testsuite name="pytest" errors="0" failures="0" skipped="0" tests="16" time="4.268" timestamp="2026-04-19T23:54:02.370462+00:00" hostname="agent-env-bf6f9fd4-f4b0-4a72-81b3-2cda4ab056aa"><testcase classname="backend.tests.test_sse_notifications_invites.TestSSEStream" name="test_invalid_token_returns_401" time="0.139" /><testcase classname="backend.tests.test_sse_notifications_invites.TestSSEStream" name="test_missing_token_returns_401" time="0.135" /><testcase classname="backend.tests.test_sse_notifications_invites.TestSSEStream" name="test_valid_token_returns_event_stream_with_ready" time="0.337" /><testcase classname="backend.tests.test_sse_notifications_invites.TestNotificationsTest" name="test_non_admin_forbidden" time="0.273" /><testcase classname="backend.tests.test_sse_notifications_invites.TestNotificationsTest" name="test_admin_publish_ok" time="0.117" /><testcase classname="backend.tests.test_sse_notifications_invites.TestSSEEndToEnd" name="test_admin_test_notification_delivered_via_sse" time="1.623" /><testcase classname="backend.tests.test_sse_notifications_invites.TestAdminSessionAction" name="test_non_admin_forbidden" time="0.110" /><testcase classname="backend.tests.test_sse_notifications_invites.TestAdminSessionAction" name="test_invalid_action_400" time="0.122" /><testcase classname="backend.tests.test_sse_notifications_invites.TestAdminSessionAction" name="test_session_not_found_404" time="0.115" /><testcase classname="backend.tests.test_sse_notifications_invites.TestMockEmailsAdmin" name="test_list_emails_non_admin_forbidden" time="0.110" /><testcase classname="backend.tests.test_sse_notifications_invites.TestMockEmailsAdmin" name="test_list_emails_admin_ok" time="0.138" /><testcase classname="backend.tests.test_sse_notifications_invites.TestMockEmailsAdmin" name="test_get_email_not_found" time="0.110" /><testcase classname="backend.tests.test_sse_notifications_invites.TestInviteUsers" name="test_non_admin_forbidden" time="0.126" /><testcase classname="backend.tests.test_sse_notifications_invites.TestInviteUsers" name="test_invited_users_list_non_admin_forbidden" time="0.111" /><testcase classname="backend.tests.test_sse_notifications_invites.TestInviteUsers" name="test_invite_mixed_emails_and_persistence" time="0.490" /><testcase classname="backend.tests.test_sse_notifications_invites.TestInviteUsers" name="test_invite_empty_list" time="0.128" /></testsuite></testsuites>