<?xml version="1.0" encoding="utf-8"?><testsuites name="pytest tests"><testsuite name="pytest" errors="0" failures="0" skipped="0" tests="14" time="68.823" timestamp="2026-04-19T22:44:56.074815+00:00" hostname="agent-env-bf6f9fd4-f4b0-4a72-81b3-2cda4ab056aa"><testcase classname="backend.tests.test_tsplus_remote_action.TestWorkspaceSanitization" name="test_get_workspaces_admin_never_leaks_password" time="0.318" /><testcase classname="backend.tests.test_tsplus_remote_action.TestWorkspaceSanitization" name="test_get_workspaces_user_no_password_and_no_flag" time="0.413" /><testcase classname="backend.tests.test_tsplus_remote_action.TestWorkspaceSanitization" name="test_put_workspace_sets_creds_and_preserves_password" time="0.299" /><testcase classname="backend.tests.test_tsplus_remote_action.TestLaunchAutologon" name="test_launch_autologon_missing_creds_returns_400" time="0.239" /><testcase classname="backend.tests.test_tsplus_remote_action.TestLaunchAutologon" name="test_launch_autologon_success" time="10.258" /><testcase classname="backend.tests.test_tsplus_remote_action.TestSessionActions" name="test_invalid_action_400" time="0.127" /><testcase classname="backend.tests.test_tsplus_remote_action.TestSessionActions" name="test_lock_ok" time="10.141" /><testcase classname="backend.tests.test_tsplus_remote_action.TestSessionActions" name="test_other_user_cannot_act_404" time="0.139" /><testcase classname="backend.tests.test_tsplus_remote_action.TestSessionActions" name="test_disconnect_sets_status" time="10.309" /><testcase classname="backend.tests.test_tsplus_remote_action.TestSessionActions" name="test_logoff_on_new_session_terminates" time="20.730" /><testcase classname="backend.tests.test_tsplus_remote_action.TestAdminTSplus" name="test_admin_sessions" time="10.179" /><testcase classname="backend.tests.test_tsplus_remote_action.TestAdminTSplus" name="test_admin_sessions_forbidden_for_user" time="0.162" /><testcase classname="backend.tests.test_tsplus_remote_action.TestAdminTSplus" name="test_admin_status" time="5.112" /><testcase classname="backend.tests.test_tsplus_remote_action.TestAdminTSplus" name="test_admin_status_forbidden_user" time="0.155" /></testsuite></testsuites>