<?xml version="1.0" encoding="utf-8"?><testsuites name="pytest tests"><testsuite name="pytest" errors="0" failures="0" skipped="0" tests="3" time="1.558" timestamp="2026-07-18T11:12:07.632538+00:00" hostname="agent-env-bf6f9fd4-f4b0-4a72-81b3-2cda4ab056aa"><testcase classname="backend.tests.test_workspaces_bugfix" name="test_sunset_sync_now" time="0.661" /><testcase classname="backend.tests.test_workspaces_bugfix" name="test_sunset_sync_code_paths" time="0.058" /><testcase classname="backend.tests.test_workspaces_bugfix" name="test_delete_market_vm_cascades_guacamole" time="0.628" /></testsuite></testsuites>