<?xml version="1.0" encoding="utf-8"?><testsuites name="pytest tests"><testsuite name="pytest" errors="0" failures="0" skipped="0" tests="18" time="4.788" timestamp="2026-04-07T11:28:53.342405+00:00" hostname="agent-env-bf6f9fd4-f4b0-4a72-81b3-2cda4ab056aa"><testcase classname="backend.tests.test_zitadel_netbird.TestZitadelUsersAPI" name="test_zitadel_users_admin_access" time="0.520" /><testcase classname="backend.tests.test_zitadel_netbird.TestZitadelUsersAPI" name="test_zitadel_users_non_admin_forbidden" time="0.215" /><testcase classname="backend.tests.test_zitadel_netbird.TestZitadelOrgsAPI" name="test_zitadel_orgs_admin_access" time="0.282" /><testcase classname="backend.tests.test_zitadel_netbird.TestZitadelOrgsAPI" name="test_zitadel_orgs_non_admin_forbidden" time="0.244" /><testcase classname="backend.tests.test_zitadel_netbird.TestZitadelRolesAPI" name="test_zitadel_roles_admin_access" time="0.279" /><testcase classname="backend.tests.test_zitadel_netbird.TestZitadelRolesAPI" name="test_zitadel_roles_non_admin_forbidden" time="0.220" /><testcase classname="backend.tests.test_zitadel_netbird.TestZitadelGrantsAPI" name="test_zitadel_grants_admin_access" time="0.273" /><testcase classname="backend.tests.test_zitadel_netbird.TestZitadelGrantsAPI" name="test_zitadel_grants_non_admin_forbidden" time="0.214" /><testcase classname="backend.tests.test_zitadel_netbird.TestNetBirdPeersAPI" name="test_netbird_peers_admin_access" time="0.320" /><testcase classname="backend.tests.test_zitadel_netbird.TestNetBirdPeersAPI" name="test_netbird_peers_non_admin_forbidden" time="0.210" /><testcase classname="backend.tests.test_zitadel_netbird.TestNetBirdGroupsAPI" name="test_netbird_groups_admin_access" time="0.267" /><testcase classname="backend.tests.test_zitadel_netbird.TestNetBirdGroupsAPI" name="test_netbird_groups_non_admin_forbidden" time="0.222" /><testcase classname="backend.tests.test_zitadel_netbird.TestNetBirdSetupKeysAPI" name="test_netbird_setup_keys_admin_access" time="0.270" /><testcase classname="backend.tests.test_zitadel_netbird.TestNetBirdSetupKeysAPI" name="test_netbird_setup_keys_non_admin_forbidden" time="0.191" /><testcase classname="backend.tests.test_zitadel_netbird.TestNetBirdRoutesAPI" name="test_netbird_routes_admin_access" time="0.276" /><testcase classname="backend.tests.test_zitadel_netbird.TestNetBirdRoutesAPI" name="test_netbird_routes_non_admin_forbidden" time="0.196" /><testcase classname="backend.tests.test_zitadel_netbird.TestNetBirdUsersAPI" name="test_netbird_users_admin_access" time="0.260" /><testcase classname="backend.tests.test_zitadel_netbird.TestNetBirdUsersAPI" name="test_netbird_users_non_admin_forbidden" time="0.230" /></testsuite></testsuites>